<?xml version="1.0" encoding="UTF-8"?>
<testsuite xmlns:xsi="http://www.w3.org/2001/XMLSchema-instance" xsi:noNamespaceSchemaLocation="https://maven.apache.org/surefire/maven-surefire-plugin/xsd/surefire-test-report-3.0.xsd" version="3.0" name="com.github.floverde.azure.datalake.nio.AzureDataLakeFileAttributesTest" time="0.146" tests="4" errors="0" skipped="0" failures="0">
  <properties>
[...]
</properties>
  <testcase name="testRootDirectoryAttributes" classname="com.github.floverde.azure.datalake.nio.AzureDataLakeFileAttributesTest" time="0.001"/>
  <testcase name="testFileAttributes" classname="com.github.floverde.azure.datalake.nio.AzureDataLakeFileAttributesTest" time="0.135"/>
  <testcase name="testDirectoryAttributes" classname="com.github.floverde.azure.datalake.nio.AzureDataLakeFileAttributesTest" time="0.003"/>
  <testcase name="testNullDates" classname="com.github.floverde.azure.datalake.nio.AzureDataLakeFileAttributesTest" time="0.003"/>
</testsuite>